<?xml version="1.0" encoding="UTF-8"?>
<testsuite name="ru.netology.qa.AppiumTest" tests="1" skipped="0" failures="0" errors="0" timestamp="2024-11-19T16:39:03" hostname="DESKTOP-H991JPM" time="17.601">
  <properties/>
  <testcase name="inputTextNewActivity()" classname="ru.netology.qa.AppiumTest" time="17.601"/>
  <system-out><![CDATA[]]></system-out>
  <system-err><![CDATA[нояб. 19, 2024 7:39:14 PM io.appium.java_client.remote.AppiumCommandExecutor$1 lambda$0
INFO: Detected dialect: W3C
]]></system-err>
</testsuite>
